<?xml version="1.0" encoding="UTF-8"?>
<testsuite xmlns:xsi="http://www.w3.org/2001/XMLSchema-instance" xsi:noNamespaceSchemaLocation="https://maven.apache.org/surefire/maven-surefire-plugin/xsd/surefire-test-report-3.0.xsd" version="3.0" name="Question3_ClosestMinDistanceTest" time="0.017" tests="8" errors="0" skipped="0" failures="0">
  <properties>
    <property name="java.specification.version" value="21"/>
    <property name="sun.cpu.isalist" value="amd64"/>
    <property name="sun.jnu.encoding" value="Cp1252"/>
    <property name="java.class.path" value="E:\DEV\take-home-tana-test\target\test-classes;E:\DEV\take-home-tana-test\target\classes;C:\Users\bwagura\.m2\repository\org\junit\jupiter\junit-jupiter\5.10.0\junit-jupiter-5.10.0.jar;C:\Users\bwagura\.m2\repository\org\junit\jupiter\junit-jupiter-api\5.10.0\junit-jupiter-api-5.10.0.jar;C:\Users\bwagura\.m2\repository\org\opentest4j\opentest4j\1.3.0\opentest4j-1.3.0.jar;C:\Users\bwagura\.m2\repository\org\junit\platform\junit-platform-commons\1.10.0\junit-platform-commons-1.10.0.jar;C:\Users\bwagura\.m2\repository\org\apiguardian\apiguardian-api\1.1.2\apiguardian-api-1.1.2.jar;C:\Users\bwagura\.m2\repository\org\junit\jupiter\junit-jupiter-params\5.10.0\junit-jupiter-params-5.10.0.jar;C:\Users\bwagura\.m2\repository\org\junit\jupiter\junit-jupiter-engine\5.10.0\junit-jupiter-engine-5.10.0.jar;C:\Users\bwagura\.m2\repository\org\junit\platform\junit-platform-engine\1.10.0\junit-platform-engine-1.10.0.jar;"/>
    <property name="java.vm.vendor" value="Oracle Corporation"/>
    <property name="sun.arch.data.model" value="64"/>
    <property name="user.variant" value=""/>
    <property name="java.vendor.url" value="https://java.oracle.com/"/>
    <property name="user.timezone" value="Africa/Nairobi"/>
    <property name="user.country.format" value="KE"/>
    <property name="os.name" value="Windows 11"/>
    <property name="java.vm.specification.version" value="21"/>
    <property name="sun.java.launcher" value="SUN_STANDARD"/>
    <property name="user.country" value="GB"/>
    <property name="sun.boot.library.path" value="C:\Program Files\Java\jdk-21\bin"/>
    <property name="sun.java.command" value="C:\Users\bwagura\AppData\Local\Temp\surefire17669245991740305642\surefirebooter-20250916095433561_3.jar C:\Users\bwagura\AppData\Local\Temp\surefire17669245991740305642 2025-09-16T09-54-33_403-jvmRun1 surefire-20250916095433561_1tmp surefire_0-20250916095433561_2tmp"/>
    <property name="jdk.debug" value="release"/>
    <property name="surefire.test.class.path" value="E:\DEV\take-home-tana-test\target\test-classes;E:\DEV\take-home-tana-test\target\classes;C:\Users\bwagura\.m2\repository\org\junit\jupiter\junit-jupiter\5.10.0\junit-jupiter-5.10.0.jar;C:\Users\bwagura\.m2\repository\org\junit\jupiter\junit-jupiter-api\5.10.0\junit-jupiter-api-5.10.0.jar;C:\Users\bwagura\.m2\repository\org\opentest4j\opentest4j\1.3.0\opentest4j-1.3.0.jar;C:\Users\bwagura\.m2\repository\org\junit\platform\junit-platform-commons\1.10.0\junit-platform-commons-1.10.0.jar;C:\Users\bwagura\.m2\repository\org\apiguardian\apiguardian-api\1.1.2\apiguardian-api-1.1.2.jar;C:\Users\bwagura\.m2\repository\org\junit\jupiter\junit-jupiter-params\5.10.0\junit-jupiter-params-5.10.0.jar;C:\Users\bwagura\.m2\repository\org\junit\jupiter\junit-jupiter-engine\5.10.0\junit-jupiter-engine-5.10.0.jar;C:\Users\bwagura\.m2\repository\org\junit\platform\junit-platform-engine\1.10.0\junit-platform-engine-1.10.0.jar;"/>
    <property name="sun.cpu.endian" value="little"/>
    <property name="user.home" value="C:\Users\bwagura"/>
    <property name="user.language" value="en"/>
    <property name="java.specification.vendor" value="Oracle Corporation"/>
    <property name="java.version.date" value="2024-07-16"/>
    <property name="java.home" value="C:\Program Files\Java\jdk-21"/>
    <property name="file.separator" value="\"/>
    <property name="basedir" value="E:\DEV\take-home-tana-test"/>
    <property name="java.vm.compressedOopsMode" value="Zero based"/>
    <property name="line.separator" value="&#10;"/>
    <property name="java.vm.specification.vendor" value="Oracle Corporation"/>
    <property name="java.specification.name" value="Java Platform API Specification"/>
    <property name="surefire.real.class.path" value="C:\Users\bwagura\AppData\Local\Temp\surefire17669245991740305642\surefirebooter-20250916095433561_3.jar"/>
    <property name="user.script" value=""/>
    <property name="sun.management.compiler" value="HotSpot 64-Bit Tiered Compilers"/>
    <property name="java.runtime.version" value="21.0.4+8-LTS-274"/>
    <property name="user.name" value="bwagura"/>
    <property name="stdout.encoding" value="Cp1252"/>
    <property name="path.separator" value=";"/>
    <property name="os.version" value="10.0"/>
    <property name="java.runtime.name" value="Java(TM) SE Runtime Environment"/>
    <property name="file.encoding" value="UTF-8"/>
    <property name="java.vm.name" value="Java HotSpot(TM) 64-Bit Server VM"/>
    <property name="localRepository" value="C:\Users\bwagura\.m2\repository"/>
    <property name="java.vendor.url.bug" value="https://bugreport.java.com/bugreport/"/>
    <property name="java.io.tmpdir" value="C:\Users\bwagura\AppData\Local\Temp\"/>
    <property name="java.version" value="21.0.4"/>
    <property name="user.dir" value="E:\DEV\take-home-tana-test"/>
    <property name="os.arch" value="amd64"/>
    <property name="java.vm.specification.name" value="Java Virtual Machine Specification"/>
    <property name="sun.os.patch.level" value=""/>
    <property name="native.encoding" value="Cp1252"/>
    <property name="java.library.path" value="C:\Program Files\Java\jdk-21\bin;C:\Windows\Sun\Java\bin;C:\Windows\system32;C:\Windows;C:\app\client\bwagura\product\21.0.0\client_1\bin;C:\CSS\ESCMS_VS22\shared;C:\CSS\EKEDC_VS22\shared;C:\CSS\EMCMS1_DRAFT\CMM;C:\CSS\EMCMS1_DRAFT\MMM;C:\CSS\EMCMS1_DRAFT\shared;C:\CSS\EMCMS1_DRAFT\v1020;C:\CSS\EKEDC_DRAFT\CMM;C:\CSS\EKEDC_DRAFT\MMM;C:\CSS\EKEDC_DRAFT\shared;C:\CSS\EKEDC_DRAFT\v1020;C:\CSS\LECCMS1_DRAFT\CMM;C:\CSS\LECCMS1_DRAFT\MMM;C:\CSS\LECCMS1_DRAFT\shared;C:\CSS\LECCMS1_DRAFT\v1020;C:\Windows\system32;C:\Windows;C:\Windows\System32\Wbem;C:\Windows\System32\WindowsPowerShell\v1.0\;C:\Windows\System32\OpenSSH\;C:\Program Files\PuTTY\;C:\Program Files\TortoiseSVN\bin;C:\Sybase\shared;C:\Program Files\apache-maven-3.6.0-bin\apache-maven-3.6.0\bin;C:\Program Files\apache-maven-3.9.8\bin;C:\Program Files (x86)\Sybase\Shared\PowerBuilder;C:\Program Files (x86)\Sybase\Shared\Web Targets;C:\Program Files (x86)\Sybase\Adaptive Server Anywhere 6.0\win32;C:\Program Files\Git\cmd;C:\Program Files\Notepad++;C:\Program Files\dotnet\;C:\Windows\Microsoft.NET\Framework\v4.0.30319;C:\Program Files (x86)\Appeon\PowerBuilder 22.0;C:\Program Files (x86)\Appeon\PowerBuilderUtilities 22.0;C:\Program Files\Microsoft SQL Server\150\Tools\Binn\;C:\Program Files\Microsoft SQL Server\Client SDK\ODBC\170\Tools\Binn\;C:\Program Files (x86)\Windows Kits\10\Windows Performance Toolkit\;c:\Program Files (x86)\Microsoft SQL Server\100\Tools\Binn\;c:\Program Files\Microsoft SQL Server\100\Tools\Binn\;c:\Program Files\Microsoft SQL Server\100\DTS\Binn\;C:\Program Files\Java\jdk-21\bin;C:\Program Files (x86)\Common Files\Oracle\Java\java8path;C:\Program Files (x86)\Common Files\Oracle\Java\javapath;C:\ProgramData\chocolatey\bin;C:\Users\bwagura\AppData\Local\Programs\Python\Python313;C:\Users\bwagura\AppData\Local\Programs\Python\Python313\Scripts;C:\msys64\mingw64\bin;C:\Users\bwagura\AppData\Roaming\nvm;C:\Program Files\nodejs;C:\Program Files\zrok;C:\Program Files\Vim\vim91;C:\raylib;C:\Program Files\clarinet\bin\;C:\Program Files\Docker\Docker\resources\bin;C:\Users\bwagura\AppData\Local\Microsoft\WindowsApps;C:\Program Files\JetBrains\IntelliJ IDEA Community Edition 2024.1.4\bin;;C:\Users\bwagura\AppData\Local\Programs\Microsoft VS Code\bin;C:\Users\bwagura\.dotnet\tools;C:\Users\bwagura\AppData\Roaming\npm;C:\Users\bwagura\AppData\Roaming\nvm;C:\Program Files\nodejs;C:\Users\bwagura\AppData\Local\Programs\Ollama;C:\Users\bwagura\AppData\Local\Programs\cursor\resources\app\bin;C:\Users\bwagura\AppData\Local\Programs\Windsurf\bin;."/>
    <property name="java.vm.info" value="mixed mode, sharing"/>
    <property name="stderr.encoding" value="Cp1252"/>
    <property name="java.vendor" value="Oracle Corporation"/>
    <property name="java.vm.version" value="21.0.4+8-LTS-274"/>
    <property name="sun.io.unicode.encoding" value="UnicodeLittle"/>
    <property name="java.class.version" value="65.0"/>
  </properties>
  <testcase name="testConsecutiveMinimums" classname="Question3_ClosestMinDistanceTest" time="0.001"/>
  <testcase name="testLargeArrayPerformance" classname="Question3_ClosestMinDistanceTest" time="0.008"/>
  <testcase name="testMinAtStartAndEnd" classname="Question3_ClosestMinDistanceTest" time="0.0"/>
  <testcase name="testMultipleMinimums" classname="Question3_ClosestMinDistanceTest" time="0.0"/>
  <testcase name="testTwoElementArray" classname="Question3_ClosestMinDistanceTest" time="0.0"/>
  <testcase name="testInvalidArrayTooSmall" classname="Question3_ClosestMinDistanceTest" time="0.003"/>
  <testcase name="testNullArray" classname="Question3_ClosestMinDistanceTest" time="0.001"/>
  <testcase name="testExampleCase" classname="Question3_ClosestMinDistanceTest" time="0.0"/>
</testsuite>